2018-11-29 01:20:35 Error: [Cake\Database\Exception] SQLSTATE[42S02]: Base table or view not found: 1146 Table 'genesis_app_db.status_employees' doesn't exist in D:\xampp\htdocs\Genesis\vendor\cakephp\cakephp\src\Database\Schema\Collection.php on line 131
Stack Trace:
#0 D:\xampp\htdocs\Genesis\vendor\cakephp\cakephp\src\Database\Schema\Collection.php(97): Cake\Database\Schema\Collection->_reflect('Column', 'status_employee...', Array, Object(Cake\Database\Schema\TableSchema))
#1 D:\xampp\htdocs\Genesis\vendor\cakephp\cakephp\src\Database\Schema\CachedCollection.php(63): Cake\Database\Schema\Collection->describe('status_employee...', Array)
#2 D:\xampp\htdocs\Genesis\vendor\cakephp\cakephp\src\ORM\Table.php(548): Cake\Database\Schema\CachedCollection->describe('status_employee...')
#3 D:\xampp\htdocs\Genesis\vendor\cakephp\cakephp\src\ORM\Table.php(673): Cake\ORM\Table->getSchema()
#4 D:\xampp\htdocs\Genesis\vendor\cakephp\bake\src\Shell\Task\ModelTask.php(221): Cake\ORM\Table->getPrimaryKey()
#5 D:\xampp\htdocs\Genesis\vendor\cakephp\bake\src\Shell\Task\ModelTask.php(131): Bake\Shell\Task\ModelTask->getAssociations(Object(Cake\ORM\Table))
#6 D:\xampp\htdocs\Genesis\vendor\cakephp\bake\src\Shell\Task\ModelTask.php(114): Bake\Shell\Task\ModelTask->getTableContext(Object(Cake\ORM\Table), 'status_employee...', 'StatusEmployees')
#7 D:\xampp\htdocs\Genesis\vendor\cakephp\bake\src\Shell\Task\ModelTask.php(101): Bake\Shell\Task\ModelTask->bake('StatusEmployees')
#8 D:\xampp\htdocs\Genesis\vendor\cakephp\bake\src\Shell\BakeShell.php(273): Bake\Shell\Task\ModelTask->main('StatusEmployees')
#9 D:\xampp\htdocs\Genesis\vendor\cakephp\cakephp\src\Collection\CollectionTrait.php(51): Bake\Shell\BakeShell->Bake\Shell\{closure}('StatusEmployees', 0)
#10 D:\xampp\htdocs\Genesis\vendor\cakephp\bake\src\Shell\BakeShell.php(274): Cake\Collection\Collection->each(Object(Closure))
#11 D:\xampp\htdocs\Genesis\vendor\cakephp\cakephp\src\Console\Shell.php(518): Bake\Shell\BakeShell->all('status_employee...')
#12 D:\xampp\htdocs\Genesis\vendor\cakephp\cakephp\src\Console\CommandRunner.php(342): Cake\Console\Shell->runCommand(Array, true)
#13 D:\xampp\htdocs\Genesis\vendor\cakephp\cakephp\src\Console\CommandRunner.php(164): Cake\Console\CommandRunner->runShell(Object(Bake\Shell\BakeShell), Array)
#14 D:\xampp\htdocs\Genesis\bin\cake.php(12): Cake\Console\CommandRunner->run(Array)
#15 {main}


2018-12-14 21:21:42 Error: [PDOException] SQLSTATE[HY000] [2002] No se puede establecer una conexión ya que el equipo de destino denegó expresamente dicha conexión.
 in D:\xampp\htdocs\CRMAdministrator\vendor\cakephp\cakephp\src\Database\Driver.php on line 92
Stack Trace:
#0 D:\xampp\htdocs\CRMAdministrator\vendor\cakephp\cakephp\src\Database\Driver.php(92): PDO->__construct('mysql:host=loca...', 'root', '', Array)
#1 D:\xampp\htdocs\CRMAdministrator\vendor\cakephp\cakephp\src\Database\Driver\Mysql.php(106): Cake\Database\Driver->_connect('mysql:host=loca...', Array)
#2 D:\xampp\htdocs\CRMAdministrator\vendor\cakephp\cakephp\src\Database\Schema\BaseSchema.php(45): Cake\Database\Driver\Mysql->connect()
#3 D:\xampp\htdocs\CRMAdministrator\vendor\cakephp\cakephp\src\Database\Dialect\MysqlDialectTrait.php(63): Cake\Database\Schema\BaseSchema->__construct(Object(Cake\Database\Driver\Mysql))
#4 D:\xampp\htdocs\CRMAdministrator\vendor\cakephp\cakephp\src\Database\Schema\Collection.php(52): Cake\Database\Driver\Mysql->schemaDialect()
#5 D:\xampp\htdocs\CRMAdministrator\vendor\cakephp\cakephp\src\Database\Schema\CachedCollection.php(42): Cake\Database\Schema\Collection->__construct(Object(Cake\Database\Connection))
#6 D:\xampp\htdocs\CRMAdministrator\vendor\cakephp\cakephp\src\Database\Connection.php(391): Cake\Database\Schema\CachedCollection->__construct(Object(Cake\Database\Connection), true)
#7 D:\xampp\htdocs\CRMAdministrator\vendor\cakephp\bake\src\Shell\Task\ModelTask.php(1049): Cake\Database\Connection->getSchemaCollection()
#8 D:\xampp\htdocs\CRMAdministrator\vendor\cakephp\bake\src\Shell\Task\ModelTask.php(1003): Bake\Shell\Task\ModelTask->_getAllTables()
#9 D:\xampp\htdocs\CRMAdministrator\vendor\cakephp\bake\src\Shell\Task\ModelTask.php(1018): Bake\Shell\Task\ModelTask->listAll()
#10 D:\xampp\htdocs\CRMAdministrator\vendor\cakephp\bake\src\Shell\BakeShell.php(252): Bake\Shell\Task\ModelTask->listUnskipped()
#11 D:\xampp\htdocs\CRMAdministrator\vendor\cakephp\cakephp\src\Console\Shell.php(518): Bake\Shell\BakeShell->all()
#12 D:\xampp\htdocs\CRMAdministrator\vendor\cakephp\cakephp\src\Console\CommandRunner.php(342): Cake\Console\Shell->runCommand(Array, true)
#13 D:\xampp\htdocs\CRMAdministrator\vendor\cakephp\cakephp\src\Console\CommandRunner.php(164): Cake\Console\CommandRunner->runShell(Object(Bake\Shell\BakeShell), Array)
#14 D:\xampp\htdocs\CRMAdministrator\bin\cake.php(12): Cake\Console\CommandRunner->run(Array)
#15 {main}


